<?xml version="1.0" encoding="UTF-8"?>
<testsuite name="com.hourlyvoiceclock.NextHourCalculationTest" tests="5" skipped="0" failures="0" errors="0" timestamp="2026-05-06T21:39:52.985Z" hostname="Jupiter" time="0.003">
  <properties/>
  <testcase name="next top of hour crosses midnight" classname="com.hourlyvoiceclock.NextHourCalculationTest" time="0.001"/>
  <testcase name="next top of hour from just after top" classname="com.hourlyvoiceclock.NextHourCalculationTest" time="0.0"/>
  <testcase name="next top of hour from middle of hour" classname="com.hourlyvoiceclock.NextHourCalculationTest" time="0.001"/>
  <testcase name="next top of hour from exactly top of hour" classname="com.hourlyvoiceclock.NextHourCalculationTest" time="0.0"/>
  <testcase name="next top of hour from just before top" classname="com.hourlyvoiceclock.NextHourCalculationTest" time="0.0"/>
  <system-out><![CDATA[]]></system-out>
  <system-err><![CDATA[]]></system-err>
</testsuite>
